<?xml version="1.0" encoding="UTF-8"?>
<!-- Generated by org.testng.reporters.JUnitReportReporter -->
<testsuite hostname="B-Enukidzes-MacBook-Pro.local" failures="0" tests="2" name="YoutubeTest" time="23.543" errors="2" timestamp="2024-04-22T15:08:11 GET" skipped="0">
  <testcase classname="YoutubeTest" name="Subscribe" time="13.407">
    <error message="java.net.URISyntaxException: Illegal character in hostname at index 12: https://your_testrail_instance.testrail.io/index.php?" type="java.lang.RuntimeException">
      <![CDATA[java.lang.RuntimeException: java.net.URISyntaxException: Illegal character in hostname at index 12: https://your_testrail_instance.testrail.io/index.php?
at com.mashape.unirest.http.HttpClientHelper.prepareRequest(HttpClientHelper.java:183)
at com.mashape.unirest.http.HttpClientHelper.request(HttpClientHelper.java:131)
at com.mashape.unirest.request.BaseRequest.asString(BaseRequest.java:56)
at TestRailConnector.addResultForTest(TestRailConnector.java:32)
at YoutubeTest.Subscribe(YoutubeTest.java:36)
at java.base/jdk.internal.reflect.DirectMethodHandleAccessor.invoke(DirectMethodHandleAccessor.java:103)
at java.base/java.lang.reflect.Method.invoke(Method.java:580)
at org.testng.internal.invokers.MethodInvocationHelper.invokeMethod(MethodInvocationHelper.java:139)
at org.testng.internal.invokers.TestInvoker.invokeMethod(TestInvoker.java:664)
at org.testng.internal.invokers.TestInvoker.invokeTestMethod(TestInvoker.java:228)
at org.testng.internal.invokers.MethodRunner.runInSequence(MethodRunner.java:63)
at org.testng.internal.invokers.TestInvoker$MethodInvocationAgent.invoke(TestInvoker.java:961)
at org.testng.internal.invokers.TestInvoker.invokeTestMethods(TestInvoker.java:201)
at org.testng.internal.invokers.TestMethodWorker.invokeTestMethods(TestMethodWorker.java:148)
at org.testng.internal.invokers.TestMethodWorker.run(TestMethodWorker.java:128)
at java.base/java.util.ArrayList.forEach(ArrayList.java:1596)
at org.testng.TestRunner.privateRun(TestRunner.java:819)
at org.testng.TestRunner.run(TestRunner.java:619)
at org.testng.SuiteRunner.runTest(SuiteRunner.java:443)
at org.testng.SuiteRunner.runSequentially(SuiteRunner.java:437)
at org.testng.SuiteRunner.privateRun(SuiteRunner.java:397)
at org.testng.SuiteRunner.run(SuiteRunner.java:336)
at org.testng.SuiteRunnerWorker.runSuite(SuiteRunnerWorker.java:52)
at org.testng.SuiteRunnerWorker.run(SuiteRunnerWorker.java:95)
at org.testng.TestNG.runSuitesSequentially(TestNG.java:1301)
at org.testng.TestNG.runSuitesLocally(TestNG.java:1228)
at org.testng.TestNG.runSuites(TestNG.java:1134)
at org.testng.TestNG.run(TestNG.java:1101)
at test.main(test.java:9)
Caused by: java.net.URISyntaxException: Illegal character in hostname at index 12: https://your_testrail_instance.testrail.io/index.php?
at java.base/java.net.URI$Parser.fail(URI.java:2995)
at java.base/java.net.URI$Parser.parseHostname(URI.java:3547)
at java.base/java.net.URI$Parser.parseServer(URI.java:3394)
at java.base/java.net.URI$Parser.parseAuthority(URI.java:3304)
at java.base/java.net.URI$Parser.parseHierarchical(URI.java:3240)
at java.base/java.net.URI$Parser.parse(URI.java:3196)
at java.base/java.net.URI.<init>(URI.java:732)
at com.mashape.unirest.http.HttpClientHelper.prepareRequest(HttpClientHelper.java:172)
... 28 more
]]>
    </error>
  </testcase> <!-- Subscribe -->
  <testcase classname="YoutubeTest" name="Settings" time="10.136">
    <error message="java.net.URISyntaxException: Illegal character in hostname at index 12: https://your_testrail_instance.testrail.io/index.php?" type="java.lang.RuntimeException">
      <![CDATA[java.lang.RuntimeException: java.net.URISyntaxException: Illegal character in hostname at index 12: https://your_testrail_instance.testrail.io/index.php?
at com.mashape.unirest.http.HttpClientHelper.prepareRequest(HttpClientHelper.java:183)
at com.mashape.unirest.http.HttpClientHelper.request(HttpClientHelper.java:131)
at com.mashape.unirest.request.BaseRequest.asString(BaseRequest.java:56)
at TestRailConnector.addResultForTest(TestRailConnector.java:32)
at YoutubeTest.Settings(YoutubeTest.java:60)
at java.base/jdk.internal.reflect.DirectMethodHandleAccessor.invoke(DirectMethodHandleAccessor.java:103)
at java.base/java.lang.reflect.Method.invoke(Method.java:580)
at org.testng.internal.invokers.MethodInvocationHelper.invokeMethod(MethodInvocationHelper.java:139)
at org.testng.internal.invokers.TestInvoker.invokeMethod(TestInvoker.java:664)
at org.testng.internal.invokers.TestInvoker.invokeTestMethod(TestInvoker.java:228)
at org.testng.internal.invokers.MethodRunner.runInSequence(MethodRunner.java:63)
at org.testng.internal.invokers.TestInvoker$MethodInvocationAgent.invoke(TestInvoker.java:961)
at org.testng.internal.invokers.TestInvoker.invokeTestMethods(TestInvoker.java:201)
at org.testng.internal.invokers.TestMethodWorker.invokeTestMethods(TestMethodWorker.java:148)
at org.testng.internal.invokers.TestMethodWorker.run(TestMethodWorker.java:128)
at java.base/java.util.ArrayList.forEach(ArrayList.java:1596)
at org.testng.TestRunner.privateRun(TestRunner.java:819)
at org.testng.TestRunner.run(TestRunner.java:619)
at org.testng.SuiteRunner.runTest(SuiteRunner.java:443)
at org.testng.SuiteRunner.runSequentially(SuiteRunner.java:437)
at org.testng.SuiteRunner.privateRun(SuiteRunner.java:397)
at org.testng.SuiteRunner.run(SuiteRunner.java:336)
at org.testng.SuiteRunnerWorker.runSuite(SuiteRunnerWorker.java:52)
at org.testng.SuiteRunnerWorker.run(SuiteRunnerWorker.java:95)
at org.testng.TestNG.runSuitesSequentially(TestNG.java:1301)
at org.testng.TestNG.runSuitesLocally(TestNG.java:1228)
at org.testng.TestNG.runSuites(TestNG.java:1134)
at org.testng.TestNG.run(TestNG.java:1101)
at test.main(test.java:9)
Caused by: java.net.URISyntaxException: Illegal character in hostname at index 12: https://your_testrail_instance.testrail.io/index.php?
at java.base/java.net.URI$Parser.fail(URI.java:2995)
at java.base/java.net.URI$Parser.parseHostname(URI.java:3547)
at java.base/java.net.URI$Parser.parseServer(URI.java:3394)
at java.base/java.net.URI$Parser.parseAuthority(URI.java:3304)
at java.base/java.net.URI$Parser.parseHierarchical(URI.java:3240)
at java.base/java.net.URI$Parser.parse(URI.java:3196)
at java.base/java.net.URI.<init>(URI.java:732)
at com.mashape.unirest.http.HttpClientHelper.prepareRequest(HttpClientHelper.java:172)
... 28 more
]]>
    </error>
  </testcase> <!-- Settings -->
</testsuite> <!-- YoutubeTest -->
