<?xml version="1.0" encoding="UTF-8"?>
<!-- Generated by org.testng.reporters.JUnitReportReporter -->
<testsuite hostname="B-Enukidzes-MacBook-Pro.local" failures="0" tests="1" name="YoutubeTest" time="17.039" errors="0" timestamp="2024-04-22T14:16:21 GET" skipped="0">
  <testcase classname="YoutubeTest" name="Subscribe" time="17.039"/>
</testsuite> <!-- YoutubeTest -->
